<?xml version="1.0" encoding="UTF-8"?>
<!-- Generated by org.testng.reporters.JUnitXMLReporter -->
<testsuite ignored="0" hostname="DESKTOP-LMVV8RC" failures="0" tests="10" name="Surefire test" time="56.445" errors="0" timestamp="2024-08-09T15:19:41 IST">
  <testcase classname="tests.FilterTests" name="testFilterCategoryResults" time="2.965"/>
  <testcase classname="tests.FilterTests" name="testNoFilterResults" time="2.846"/>
  <testcase classname="tests.FilterTests" name="testSortNames" time="1.964"/>
  <testcase classname="tests.FilterTests" name="testSortPrices" time="2.78"/>
  <testcase classname="tests.HomePageTests" name="testCategories" time="1.237"/>
  <testcase classname="tests.HomePageTests" name="testFooter" time="0.095"/>
  <testcase classname="tests.HomePageTests" name="testHeader" time="0.296"/>
  <testcase classname="tests.RegistrationTests" name="testCountryDropdown" time="1.889"/>
  <testcase classname="tests.RegistrationTests" name="testDobError" time="0.941"/>
  <testcase classname="tests.RegistrationTests" name="testPhoneValidations" time="11.678"/>
</testsuite> <!-- Surefire test -->
