<?xml version="1.0" encoding="UTF-8"?>
<!-- Generated by org.testng.reporters.JUnitXMLReporter -->
<testsuite ignored="0" hostname="DESKTOP-LMVV8RC" failures="0" tests="4" name="Default test" time="32.113" errors="0" timestamp="2024-08-10T12:47:48 IST">
  <testcase classname="tests.RegistrationTests" name="testCountryDropdown" time="2.342"/>
  <testcase classname="tests.RegistrationTests" name="testDobError" time="1.468"/>
  <testcase classname="tests.RegistrationTests" name="testDobErrorFluent" time="1.432"/>
  <testcase classname="tests.RegistrationTests" name="testPhoneValidations" time="11.193"/>
</testsuite> <!-- Default test -->
