<?xml version="1.0" encoding="UTF-8"?>
<testng-results ignored="0" total="4" passed="4" failed="0" skipped="0">
  <reporter-output>
  </reporter-output>
  <suite started-at="2024-08-10T12:47:16 IST" name="Default suite" finished-at="2024-08-10T12:47:48 IST" duration-ms="32113">
    <groups>
    </groups>
    <test started-at="2024-08-10T12:47:16 IST" name="Default test" finished-at="2024-08-10T12:47:48 IST" duration-ms="32113">
      <class name="tests.RegistrationTests">
        <test-method is-config="true" signature="init()[pri:0, instance:tests.RegistrationTests@6adbc9d]" started-at="2024-08-10T12:47:16 IST" name="init" finished-at="2024-08-10T12:47:20 IST" duration-ms="4533" status="PASS">
          <reporter-output>
          </reporter-output>
        </test-method> <!-- init -->
        <test-method signature="testCountryDropdown()[pri:0, instance:tests.RegistrationTests@6adbc9d]" started-at="2024-08-10T12:47:20 IST" name="testCountryDropdown" finished-at="2024-08-10T12:47:23 IST" duration-ms="2342" status="PASS">
          <reporter-output>
          </reporter-output>
        </test-method> <!-- testCountryDropdown -->
        <test-method is-config="true" signature="tearDown()[pri:0, instance:tests.RegistrationTests@6adbc9d]" started-at="2024-08-10T12:47:23 IST" name="tearDown" finished-at="2024-08-10T12:47:23 IST" duration-ms="363" status="PASS">
          <reporter-output>
          </reporter-output>
        </test-method> <!-- tearDown -->
        <test-method is-config="true" signature="init()[pri:0, instance:tests.RegistrationTests@6adbc9d]" started-at="2024-08-10T12:47:23 IST" name="init" finished-at="2024-08-10T12:47:26 IST" duration-ms="3454" status="PASS">
          <reporter-output>
          </reporter-output>
        </test-method> <!-- init -->
        <test-method signature="testDobError()[pri:0, instance:tests.RegistrationTests@6adbc9d]" started-at="2024-08-10T12:47:26 IST" name="testDobError" finished-at="2024-08-10T12:47:28 IST" duration-ms="1468" status="PASS">
          <reporter-output>
          </reporter-output>
        </test-method> <!-- testDobError -->
        <test-method is-config="true" signature="tearDown()[pri:0, instance:tests.RegistrationTests@6adbc9d]" started-at="2024-08-10T12:47:28 IST" name="tearDown" finished-at="2024-08-10T12:47:28 IST" duration-ms="222" status="PASS">
          <reporter-output>
          </reporter-output>
        </test-method> <!-- tearDown -->
        <test-method is-config="true" signature="init()[pri:0, instance:tests.RegistrationTests@6adbc9d]" started-at="2024-08-10T12:47:28 IST" name="init" finished-at="2024-08-10T12:47:31 IST" duration-ms="3378" status="PASS">
          <reporter-output>
          </reporter-output>
        </test-method> <!-- init -->
        <test-method signature="testDobErrorFluent()[pri:0, instance:tests.RegistrationTests@6adbc9d]" started-at="2024-08-10T12:47:31 IST" name="testDobErrorFluent" finished-at="2024-08-10T12:47:33 IST" duration-ms="1432" status="PASS">
          <reporter-output>
          </reporter-output>
        </test-method> <!-- testDobErrorFluent -->
        <test-method is-config="true" signature="tearDown()[pri:0, instance:tests.RegistrationTests@6adbc9d]" started-at="2024-08-10T12:47:33 IST" name="tearDown" finished-at="2024-08-10T12:47:33 IST" duration-ms="316" status="PASS">
          <reporter-output>
          </reporter-output>
        </test-method> <!-- tearDown -->
        <test-method is-config="true" signature="init()[pri:0, instance:tests.RegistrationTests@6adbc9d]" started-at="2024-08-10T12:47:33 IST" name="init" finished-at="2024-08-10T12:47:36 IST" duration-ms="2972" status="PASS">
          <reporter-output>
          </reporter-output>
        </test-method> <!-- init -->
        <test-method signature="testPhoneValidations()[pri:0, instance:tests.RegistrationTests@6adbc9d]" started-at="2024-08-10T12:47:36 IST" name="testPhoneValidations" finished-at="2024-08-10T12:47:47 IST" duration-ms="11193" status="PASS">
          <reporter-output>
          </reporter-output>
        </test-method> <!-- testPhoneValidations -->
        <test-method is-config="true" signature="tearDown()[pri:0, instance:tests.RegistrationTests@6adbc9d]" started-at="2024-08-10T12:47:47 IST" name="tearDown" finished-at="2024-08-10T12:47:48 IST" duration-ms="351" status="PASS">
          <reporter-output>
          </reporter-output>
        </test-method> <!-- tearDown -->
      </class> <!-- tests.RegistrationTests -->
    </test> <!-- Default test -->
  </suite> <!-- Default suite -->
</testng-results>
